[2017-11-06T17:51:39,390][INFO ][o.e.n.Node               ] [NxGnc5R] stopping ...
[2017-11-06T17:51:39,452][INFO ][o.e.n.Node               ] [NxGnc5R] stopped
[2017-11-06T17:51:39,453][INFO ][o.e.n.Node               ] [NxGnc5R] closing ...
[2017-11-06T17:51:39,469][INFO ][o.e.n.Node               ] [NxGnc5R] closed
[2017-11-06T17:51:48,427][INFO ][o.e.n.Node               ] [] initializing ...
[2017-11-06T17:51:48,517][INFO ][o.e.e.NodeEnvironment    ] [NxGnc5R] using [1] data paths, mounts [[/ (/dev/disk1)]], net usable_space [403.8gb], net total_space [464.7gb], spins? [unknown], types [hfs]
[2017-11-06T17:51:48,518][INFO ][o.e.e.NodeEnvironment    ] [NxGnc5R] heap size [1.9gb], compressed ordinary object pointers [true]
[2017-11-06T17:51:48,550][INFO ][o.e.n.Node               ] node name [NxGnc5R] derived from node ID [NxGnc5ROR8yzCR6Ukq9Vhw]; set [node.name] to override
[2017-11-06T17:51:48,550][INFO ][o.e.n.Node               ] version[5.6.3], pid[76999], build[1a2f265/2017-10-06T20:33:39.012Z], OS[Mac OS X/10.12.6/x86_64], JVM[Oracle Corporation/Java HotSpot(TM) 64-Bit Server VM/9.0.1/9.0.1+11]
[2017-11-06T17:51:48,550][INFO ][o.e.n.Node               ] JVM arguments [-Xms2g, -Xmx2g, -XX:+UseConcMarkSweepGC, -XX:CMSInitiatingOccupancyFraction=75, -XX:+UseCMSInitiatingOccupancyOnly, -XX:+AlwaysPreTouch, -Xss1m, -Djava.awt.headless=true, -Dfile.encoding=UTF-8, -Djna.nosys=true, -Djdk.io.permissionsUseCanonicalPath=true, -Dio.netty.noUnsafe=true, -Dio.netty.noKeySetOptimization=true, -Dio.netty.recycler.maxCapacityPerThread=0, -Dlog4j.shutdownHookEnabled=false, -Dlog4j2.disable.jmx=true, -Dlog4j.skipJansi=true, -XX:+HeapDumpOnOutOfMemoryError, -Des.path.home=/Users/ashleyelder/reddit/elasticsearch-5.6.3]
[2017-11-06T17:51:49,288][INFO ][o.e.p.PluginsService     ] [NxGnc5R] loaded module [aggs-matrix-stats]
[2017-11-06T17:51:49,288][INFO ][o.e.p.PluginsService     ] [NxGnc5R] loaded module [ingest-common]
[2017-11-06T17:51:49,288][INFO ][o.e.p.PluginsService     ] [NxGnc5R] loaded module [lang-expression]
[2017-11-06T17:51:49,288][INFO ][o.e.p.PluginsService     ] [NxGnc5R] loaded module [lang-groovy]
[2017-11-06T17:51:49,288][INFO ][o.e.p.PluginsService     ] [NxGnc5R] loaded module [lang-mustache]
[2017-11-06T17:51:49,289][INFO ][o.e.p.PluginsService     ] [NxGnc5R] loaded module [lang-painless]
[2017-11-06T17:51:49,289][INFO ][o.e.p.PluginsService     ] [NxGnc5R] loaded module [parent-join]
[2017-11-06T17:51:49,289][INFO ][o.e.p.PluginsService     ] [NxGnc5R] loaded module [percolator]
[2017-11-06T17:51:49,289][INFO ][o.e.p.PluginsService     ] [NxGnc5R] loaded module [reindex]
[2017-11-06T17:51:49,289][INFO ][o.e.p.PluginsService     ] [NxGnc5R] loaded module [transport-netty3]
[2017-11-06T17:51:49,289][INFO ][o.e.p.PluginsService     ] [NxGnc5R] loaded module [transport-netty4]
[2017-11-06T17:51:49,290][INFO ][o.e.p.PluginsService     ] [NxGnc5R] no plugins loaded
[2017-11-06T17:53:49,182][INFO ][o.e.n.Node               ] [] initializing ...
[2017-11-06T17:53:49,267][INFO ][o.e.e.NodeEnvironment    ] [NxGnc5R] using [1] data paths, mounts [[/ (/dev/disk1)]], net usable_space [403.8gb], net total_space [464.7gb], spins? [unknown], types [hfs]
[2017-11-06T17:53:49,268][INFO ][o.e.e.NodeEnvironment    ] [NxGnc5R] heap size [1.9gb], compressed ordinary object pointers [true]
[2017-11-06T17:53:49,298][INFO ][o.e.n.Node               ] node name [NxGnc5R] derived from node ID [NxGnc5ROR8yzCR6Ukq9Vhw]; set [node.name] to override
[2017-11-06T17:53:49,299][INFO ][o.e.n.Node               ] version[5.6.3], pid[77098], build[1a2f265/2017-10-06T20:33:39.012Z], OS[Mac OS X/10.12.6/x86_64], JVM[Oracle Corporation/Java HotSpot(TM) 64-Bit Server VM/9.0.1/9.0.1+11]
[2017-11-06T17:53:49,299][INFO ][o.e.n.Node               ] JVM arguments [-Xms2g, -Xmx2g, -XX:+UseConcMarkSweepGC, -XX:CMSInitiatingOccupancyFraction=75, -XX:+UseCMSInitiatingOccupancyOnly, -XX:+AlwaysPreTouch, -Xss1m, -Djava.awt.headless=true, -Dfile.encoding=UTF-8, -Djna.nosys=true, -Djdk.io.permissionsUseCanonicalPath=true, -Dio.netty.noUnsafe=true, -Dio.netty.noKeySetOptimization=true, -Dio.netty.recycler.maxCapacityPerThread=0, -Dlog4j.shutdownHookEnabled=false, -Dlog4j2.disable.jmx=true, -Dlog4j.skipJansi=true, -XX:+HeapDumpOnOutOfMemoryError, -Des.path.home=/Users/ashleyelder/reddit/elasticsearch-5.6.3]
[2017-11-06T17:53:49,909][INFO ][o.e.p.PluginsService     ] [NxGnc5R] loaded module [aggs-matrix-stats]
[2017-11-06T17:53:49,909][INFO ][o.e.p.PluginsService     ] [NxGnc5R] loaded module [ingest-common]
[2017-11-06T17:53:49,909][INFO ][o.e.p.PluginsService     ] [NxGnc5R] loaded module [lang-expression]
[2017-11-06T17:53:49,909][INFO ][o.e.p.PluginsService     ] [NxGnc5R] loaded module [lang-groovy]
[2017-11-06T17:53:49,909][INFO ][o.e.p.PluginsService     ] [NxGnc5R] loaded module [lang-mustache]
[2017-11-06T17:53:49,909][INFO ][o.e.p.PluginsService     ] [NxGnc5R] loaded module [lang-painless]
[2017-11-06T17:53:49,909][INFO ][o.e.p.PluginsService     ] [NxGnc5R] loaded module [parent-join]
[2017-11-06T17:53:49,909][INFO ][o.e.p.PluginsService     ] [NxGnc5R] loaded module [percolator]
[2017-11-06T17:53:49,910][INFO ][o.e.p.PluginsService     ] [NxGnc5R] loaded module [reindex]
[2017-11-06T17:53:49,910][INFO ][o.e.p.PluginsService     ] [NxGnc5R] loaded module [transport-netty3]
[2017-11-06T17:53:49,910][INFO ][o.e.p.PluginsService     ] [NxGnc5R] loaded module [transport-netty4]
[2017-11-06T17:53:49,910][INFO ][o.e.p.PluginsService     ] [NxGnc5R] no plugins loaded
[2017-11-06T17:53:51,109][INFO ][o.e.d.DiscoveryModule    ] [NxGnc5R] using discovery type [zen]
[2017-11-06T17:53:51,621][INFO ][o.e.n.Node               ] initialized
[2017-11-06T17:53:51,621][INFO ][o.e.n.Node               ] [NxGnc5R] starting ...
[2017-11-06T17:53:51,826][INFO ][o.e.t.TransportService   ] [NxGnc5R] publish_address {127.0.0.1:9300}, bound_addresses {[fe80::1]:9300}, {[::1]:9300}, {127.0.0.1:9300}
[2017-11-06T17:53:54,882][INFO ][o.e.c.s.ClusterService   ] [NxGnc5R] new_master {NxGnc5R}{NxGnc5ROR8yzCR6Ukq9Vhw}{-ShIH__ATuWzL4G6FWaA7g}{127.0.0.1}{127.0.0.1:9300}, reason: zen-disco-elected-as-master ([0] nodes joined)
[2017-11-06T17:53:54,900][INFO ][o.e.h.n.Netty4HttpServerTransport] [NxGnc5R] publish_address {127.0.0.1:9200}, bound_addresses {[fe80::1]:9200}, {[::1]:9200}, {127.0.0.1:9200}
[2017-11-06T17:53:54,900][INFO ][o.e.n.Node               ] [NxGnc5R] started
[2017-11-06T17:53:55,061][WARN ][o.e.c.s.ClusterService   ] [NxGnc5R] failed to notify ClusterStateApplier
java.lang.IllegalStateException: Cannot delete index [[posts/fj9WGqN5Q-uq4Ohhl8lZpw]], it is still part of the cluster state.
	at org.elasticsearch.indices.IndicesService.verifyIndexIsDeleted(IndicesService.java:759) ~[elasticsearch-5.6.3.jar:5.6.3]
	at org.elasticsearch.indices.cluster.IndicesClusterStateService.deleteIndices(IndicesClusterStateService.java:272) ~[elasticsearch-5.6.3.jar:5.6.3]
	at org.elasticsearch.indices.cluster.IndicesClusterStateService.applyClusterState(IndicesClusterStateService.java:192) ~[elasticsearch-5.6.3.jar:5.6.3]
	at org.elasticsearch.cluster.service.ClusterService.callClusterStateAppliers(ClusterService.java:814) [elasticsearch-5.6.3.jar:5.6.3]
	at org.elasticsearch.cluster.service.ClusterService.publishAndApplyChanges(ClusterService.java:768) [elasticsearch-5.6.3.jar:5.6.3]
	at org.elasticsearch.cluster.service.ClusterService.runTasks(ClusterService.java:587) [elasticsearch-5.6.3.jar:5.6.3]
	at org.elasticsearch.cluster.service.ClusterService$ClusterServiceTaskBatcher.run(ClusterService.java:263) [elasticsearch-5.6.3.jar:5.6.3]
	at org.elasticsearch.cluster.service.TaskBatcher.runIfNotProcessed(TaskBatcher.java:150) [elasticsearch-5.6.3.jar:5.6.3]
	at org.elasticsearch.cluster.service.TaskBatcher$BatchedTask.run(TaskBatcher.java:188) [elasticsearch-5.6.3.jar:5.6.3]
	at org.elasticsearch.common.util.concurrent.ThreadContext$ContextPreservingRunnable.run(ThreadContext.java:569) [elasticsearch-5.6.3.jar:5.6.3]
	at org.elasticsearch.common.util.concurrent.PrioritizedEsThreadPoolExecutor$TieBreakingPrioritizedRunnable.runAndClean(PrioritizedEsThreadPoolExecutor.java:247) [elasticsearch-5.6.3.jar:5.6.3]
	at org.elasticsearch.common.util.concurrent.PrioritizedEsThreadPoolExecutor$TieBreakingPrioritizedRunnable.run(PrioritizedEsThreadPoolExecutor.java:210) [elasticsearch-5.6.3.jar:5.6.3]
	at java.util.concurrent.ThreadPoolExecutor.runWorker(ThreadPoolExecutor.java:1167) [?:?]
	at java.util.concurrent.ThreadPoolExecutor$Worker.run(ThreadPoolExecutor.java:641) [?:?]
	at java.lang.Thread.run(Thread.java:844) [?:?]
[2017-11-06T17:53:55,114][WARN ][o.e.g.DanglingIndicesState] [NxGnc5R] [[posts/nmLBa7I5SFKe6SHpjleMaw]] can not be imported as a dangling index, as index with same name already exists in cluster metadata
[2017-11-06T17:53:55,114][INFO ][o.e.g.GatewayService     ] [NxGnc5R] recovered [3] indices into cluster_state
[2017-11-06T17:53:55,213][WARN ][o.e.g.DanglingIndicesState] [NxGnc5R] [[posts/nmLBa7I5SFKe6SHpjleMaw]] can not be imported as a dangling index, as index with same name already exists in cluster metadata
[2017-11-06T17:53:55,419][WARN ][o.e.g.DanglingIndicesState] [NxGnc5R] [[posts/nmLBa7I5SFKe6SHpjleMaw]] can not be imported as a dangling index, as index with same name already exists in cluster metadata
[2017-11-06T17:53:55,475][WARN ][o.e.g.DanglingIndicesState] [NxGnc5R] [[posts/nmLBa7I5SFKe6SHpjleMaw]] can not be imported as a dangling index, as index with same name already exists in cluster metadata
[2017-11-06T17:53:55,702][WARN ][o.e.i.t.Translog         ] [NxGnc5R] [.kibana][0] deleted previously created, but not yet committed, next generation [translog-3.tlog]. This can happen due to a tragic exception when creating a new generation
[2017-11-06T17:53:55,741][WARN ][o.e.g.DanglingIndicesState] [NxGnc5R] [[posts/nmLBa7I5SFKe6SHpjleMaw]] can not be imported as a dangling index, as index with same name already exists in cluster metadata
[2017-11-06T17:53:55,774][WARN ][o.e.g.DanglingIndicesState] [NxGnc5R] [[posts/nmLBa7I5SFKe6SHpjleMaw]] can not be imported as a dangling index, as index with same name already exists in cluster metadata
[2017-11-06T17:53:55,811][INFO ][o.e.c.r.a.AllocationService] [NxGnc5R] Cluster health status changed from [RED] to [YELLOW] (reason: [shards started [[posts][3]] ...]).
[2017-11-06T17:53:55,824][WARN ][o.e.g.DanglingIndicesState] [NxGnc5R] [[posts/nmLBa7I5SFKe6SHpjleMaw]] can not be imported as a dangling index, as index with same name already exists in cluster metadata
[2017-11-06T20:53:31,687][INFO ][o.e.n.Node               ] [NxGnc5R] stopping ...
[2017-11-06T20:53:31,717][INFO ][o.e.n.Node               ] [NxGnc5R] stopped
[2017-11-06T20:53:31,717][INFO ][o.e.n.Node               ] [NxGnc5R] closing ...
[2017-11-06T20:53:31,726][INFO ][o.e.n.Node               ] [NxGnc5R] closed
